(myvenv) gandhi@Jeyas-MacBook-Pro 020-wca-springboot-main % python wca_springboot.py migrate-structs /Users/gandhi/GandhiMain/700-Apps2/701-Apps-NonGit/020-wca-springboot-main/sample/banking-app-master/BankApp --output /Users/gandhi/GandhiMain/700-Apps2/701-Apps-NonGit/020-wca-springboot-main/output2/banking-app-master/output
Starting Struts to SpringBoot migration...
No struts-config.xml found. Hope you're in a Struts project directory.
Output directory: /Users/gandhi/GandhiMain/700-Apps2/701-Apps-NonGit/020-wca-springboot-main/output2/banking-app-master/output
Created Spring Boot project structure
Converted Actions to Controllers
Migrated Form beans and DTOs
Migrated Service layer
```
// Assisted by watsonx Code Assistant
package com.model;

import javax.persistence.*;
import javax.validation.constraints.NotNull;

@Entity
@Table(name = "BankUserInfo.Information")
public class CheckValidUser {

    @Id
    @Column(name = "name")
    @NotNull
    private String name;

    @Column(name = "password")
    @NotNull
    private String password;

    public String getName() {
        return name;
    }

    public void setName(String name) {
        this.name = name;
    }

    public String getPassword() {
        return password;
    }

    public void setPassword(String password) {
        this.password = password;
    }

    @Override
    public boolean equals(Object o) {
        if (this == o) return true;
        if (o == null || getClass() != o.getClass()) return false;

        CheckValidUser that = (CheckValidUser) o;

        if (name != null ? !name.equals(that.name) : that.name != null) return false;
        return password != null ? password.equals(that.password) : that.password == null;
    }

    @Override
    public int hashCode() {
        int result = name != null ? name.hashCode() : 0;
        result = 31 * result + (password != null ? password.hashCode() : 0);
        return result;
    }

    @Override
    public String toString() {
        return "CheckValidUser{" +
                "name='" + name + '\'' +
                ", password='" + password + '\'' +
                '}';
    }
}
```
// Assisted by watsonx Code Assistant
package com.model;

import javax.persistence.Entity;
import javax.persistence.GeneratedValue;
import javax.persistence.GenerationType;
import javax.persistence.Id;
import javax.validation.constraints.NotBlank;

@Entity
public class RegPerInfo {

    @Id
    @GeneratedValue(strategy = GenerationType.IDENTITY)
    private Long id;

    @NotBlank
    private String name;

    @NotBlank
        private String password;

    @NotBlank
    private String address;

    @NotBlank
    private String balance;

    // Add proper JPA annotations if needed

    // Add validation annotations

    // Maintain all fields and methods

    // Add proper equals/hashCode/toString

    // Add proper JavaDoc
}
```
// Assisted by watsonx Code Assistant
package com.model;

import javax.persistence.Column;
import javax.persistence.Entity;
import javax.persistence.GeneratedValue;
import javax.persistence.GenerationType;
import javax.persistence.Id;
import javax.persistence.Table;
import javax.validation.constraints.NotNull;

@Entity
@Table(name = "BankUserInfo.Information")
public class SetPerInfo {

    @Id
    @GeneratedValue(strategy = GenerationType.IDENTITY)
    @Column(name = "userID")
    private int userID;

    @NotNull
    @Column(name = "name")
    private String userName;

    @NotNull
    @Column(name = "address")
    private String address;

    @NotNull
    @Column(name = "balance")
    private int balance;

    @NotNull
    @Column(name = "password")
    private String password;

    public int getUserID() {
        return userID;
    }

    public void setUserID(int userID) {
        this.userID = userID;
    }

    public String getUserName() {
        return userName;
    }

    public void setUserName(String userName) {
        this.userName = userName;
    }

    public String getAddress() {
        return address;
    }

    public void setAddress(String address) {
        this.address = address;
    }

    public int getBalance() {
        return balance;
    }

    public void setBalance(int balance) {
        this.balance = balance;
    }

    public String getPassword() {
        return password;
    }

    public void setPassword(String password) {
        this.password = password;
    }

    @Override
    public boolean equals(Object o) {
        if (this == o) return true;
        if (o == null || getClass() != o.getClass()) return false;

        SetPerInfo that = (SetPerInfo) o;

        if (userID != that.userID) return false;
        if (balance != that.balance) return false;
        if (!userName.equals(that.userName)) return false;
        if (!address.equals(that.address)) return false;
        return password.equals(that.password);
    }

    @Override
    public int hashCode() {
        int result = userID;
        result = 31 * result + userName.hashCode();
        result = 31 * result + address.hashCode();
        result = 31 * result + balance;
        result = 31 * result + password.hashCode();
        return result;
    }

    @Override
    public String toString() {
        return "SetPerInfo{" +
                "userID=" + userID +
                ", userName='" + userName + '\'' +
                ", address='" + address + '\'' +
                ", balance=" + balance +
                ", password='" + password + '\'' +
                '}';
    }
}
Migrated Model classes
Updated project dependencies
No HTML files found to convert to Thymeleaf
Migrated JSP pages to Thymeleaf
Struts to SpringBoot migration completed successfully!
Migration output saved to: /Users/gandhi/GandhiMain/700-Apps2/701-Apps-NonGit/020-wca-springboot-main/output2/banking-app-master/output